<?xml version="1.0" encoding="UTF-8"?>
<!-- Generated by org.testng.reporters.JUnitReportReporter -->
<testsuite hostname="CDC2-L-115K5ZX" failures="0" tests="1" name="Study.Studying.Pega" time="32.655" errors="0" timestamp="22 Jun 2021 13:33:44 GMT" skipped="0">
  <testcase classname="Study.Studying.Pega" name="Login" time="32.655"/>
</testsuite> <!-- Study.Studying.Pega -->
