<?xml version="1.0" encoding="UTF-8"?>
<!-- Generated by org.testng.reporters.JUnitReportReporter -->
<testsuite hostname="CDC2-L-115K5ZX" failures="0" tests="1" name="Study.Studying.Pega" time="25.023" errors="0" timestamp="22 Jun 2021 08:49:46 GMT" skipped="0">
  <testcase classname="Study.Studying.Pega" name="Login" time="25.023"/>
</testsuite> <!-- Study.Studying.Pega -->
