<?xml version="1.0" encoding="UTF-8"?>
<!-- Generated by org.testng.reporters.JUnitReportReporter -->
<testsuite hostname="LE000210" name="Study.Studying.Pega" tests="1" failures="0" timestamp="19 Jul 2018 10:52:07 GMT" time="55.536" errors="0">
  <testcase name="Login" time="55.536" classname="Study.Studying.Pega"/>
</testsuite> <!-- Study.Studying.Pega -->
